[debug] [2025-10-07T06:28:06.879Z] ----------------------------------------------------------------------
[debug] [2025-10-07T06:28:06.889Z] Command:       C:\nvm4w\nodejs\node.exe C:\Users\Zane\AppData\Roaming\npm\node_modules\firebase-tools\lib\bin\firebase.js init functions
[debug] [2025-10-07T06:28:06.891Z] CLI Version:   14.18.0
[debug] [2025-10-07T06:28:06.892Z] Platform:      win32
[debug] [2025-10-07T06:28:06.892Z] Node Version:  v22.17.0
[debug] [2025-10-07T06:28:06.893Z] Time:          Mon Oct 06 2025 23:28:06 GMT-0700 (Pacific Daylight Time)
[debug] [2025-10-07T06:28:06.894Z] ----------------------------------------------------------------------
[debug] 
[debug] [2025-10-07T06:28:06.903Z] >>> [apiv2][query] GET https://firebase-public.firebaseio.com/cli.json [none]
[debug] [2025-10-07T06:28:08.110Z] > command requires scopes: ["email","openid","https://www.googleapis.com/auth/cloudplatformprojects.readonly","https://www.googleapis.com/auth/firebase","https://www.googleapis.com/auth/cloud-platform"]
[debug] [2025-10-07T06:28:08.112Z] > authorizing via signed-in user (ciciniobe@gmail.com)
[info] 
     ######## #### ########  ######## ########     ###     ######  ########
     ##        ##  ##     ## ##       ##     ##  ##   ##  ##       ##
     ######    ##  ########  ######   ########  #########  ######  ######
     ##        ##  ##    ##  ##       ##     ## ##     ##       ## ##
     ##       #### ##     ## ######## ########  ##     ##  ######  ########

You're about to initialize a Firebase project in this directory:

  C:\nisha\my-awesome-app

Before we get started, keep in mind:

  * You are currently outside your home directory
  * You are initializing within an existing Firebase project directory

[debug] [2025-10-07T06:28:08.332Z] *** [apiv2] error from fetch(https://firebase-public.firebaseio.com/cli.json, {"headers":{},"method":"GET"}): FetchError: request to https://firebase-public.firebaseio.com/cli.json failed, reason: read ECONNRESET
[warn] !  Unable to fetch the CLI MOTD and remote config. This is not a fatal error, but may indicate an issue with your network connection. 
[debug] [2025-10-07T06:28:08.335Z] Failed to fetch MOTD FirebaseError: Failed to make request to https://firebase-public.firebaseio.com/cli.json
[info] 
=== Project Setup
[info] 
[info] First, let's associate this project directory with a Firebase project.
[info] You can create multiple project aliases by running firebase use --add, 
[info] but for now we'll just set up a default project.
[info] 
[debug] [2025-10-07T06:28:11.387Z] Checked if tokens are valid: true, expires at: 1759822056264
[debug] [2025-10-07T06:28:11.388Z] Checked if tokens are valid: true, expires at: 1759822056264
[debug] [2025-10-07T06:28:11.390Z] >>> [apiv2][query] GET https://firebase.googleapis.com/v1beta1/projects pageSize=100
[debug] [2025-10-07T06:28:17.207Z] <<< [apiv2][status] GET https://firebase.googleapis.com/v1beta1/projects 403
[debug] [2025-10-07T06:28:17.208Z] <<< [apiv2][body] GET https://firebase.googleapis.com/v1beta1/projects [omitted]
[debug] [2025-10-07T06:28:17.208Z] Unable to parse JSON: SyntaxError: Unexpected token '<', "<!DOCTYPE "... is not valid JSON
[debug] [2025-10-07T06:28:17.212Z] FirebaseError: Unable to parse JSON: SyntaxError: Unexpected token '<', "<!DOCTYPE "... is not valid JSON
    at RetryOperation._fn (C:\Users\Zane\AppData\Roaming\npm\node_modules\firebase-tools\lib\apiv2.js:279:39)
    at process.processTicksAndRejections (node:internal/process/task_queues:105:5)
[error] 
[error] Error: Failed to list Firebase projects. See firebase-debug.log for more info.
